<?xml version="1.0" encoding="UTF-8" ?>
<testsuite tests="5" failures="0" name="org.seckill.service.SeckillServiceTest" time="0.201" errors="0" skipped="0">
  <properties>
[...]
</properties>
  <testcase classname="org.seckill.service.SeckillServiceTest" name="testQueryById" time="0.162"/>
  <testcase classname="org.seckill.service.SeckillServiceTest" name="testExecuteSeckill" time="0"/>
  <testcase classname="org.seckill.service.SeckillServiceTest" name="testExecuKill" time="0.03"/>
  <testcase classname="org.seckill.service.SeckillServiceTest" name="testGetSeckillList" time="0.009"/>
  <testcase classname="org.seckill.service.SeckillServiceTest" name="testExposerSeckillUrl" time="0"/>
</testsuite>